<?xml version="1.0" encoding="UTF-8"?>
<!-- Generated by org.testng.reporters.JUnitXMLReporter -->
<testsuite hostname="Ankitlohia" ignored="0" name="RunAll_APITest Test" tests="2" failures="1" timestamp="27 Jun 2019 06:50:37 GMT" time="1.242" errors="0">
  <testcase name="POSTAPIWithHeaders" time="1.203" classname="com.qa.test.PlaceOrderTest"/>
  <testcase name="Setup" time="0.006" classname="com.qa.test.FetchOrderDetail">
    <failure type="java.lang.NullPointerException">
      <![CDATA[java.lang.NullPointerException
at java.net.URI$Parser.parse(Unknown Source)
at java.net.URI.<init>(Unknown Source)
at java.net.URI.create(Unknown Source)
at org.apache.http.client.methods.HttpPost.<init>(HttpPost.java:73)
at com.qa.restclient.RestClient.post(RestClient.java:57)
at com.qa.test.PlaceOrderTest.POSTAPIWithHeaders(PlaceOrderTest.java:89)
at com.qa.test.FetchOrderDetail.Setup(FetchOrderDetail.java:44)
... Removed 25 stack frames]]>
    </failure>
  </testcase> <!-- Setup -->
</testsuite> <!-- RunAll_APITest Test -->
