<?xml version="1.0" encoding="UTF-8"?>
<!-- Generated by org.testng.reporters.JUnitXMLReporter -->
<testsuite hostname="Ankitlohia" ignored="0" name="PlaceOrderTest" tests="1" failures="1" timestamp="26 Jun 2019 09:17:04 GMT" time="0.168" errors="0">
  <testcase name="POSTAPIWithHeaders" time="0.163" classname="com.qa.test.PlaceOrder">
    <failure type="java.lang.ClassCastException" message="com.google.gson.JsonObject cannot be cast to org.json.JSONObject">
      <![CDATA[java.lang.ClassCastException: com.google.gson.JsonObject cannot be cast to org.json.JSONObject
at com.qa.test.PlaceOrder.POSTAPIWithHeaders(PlaceOrder.java:73)
... Removed 25 stack frames]]>
    </failure>
  </testcase> <!-- POSTAPIWithHeaders -->
</testsuite> <!-- PlaceOrderTest -->
