<?xml version="1.0" encoding="UTF-8"?>
<!-- Generated by org.testng.reporters.JUnitXMLReporter -->
<testsuite hostname="Ankitlohia" ignored="0" name="TakeorderTest" tests="1" failures="1" timestamp="26 Jun 2019 09:17:04 GMT" time="0.019" errors="0">
  <testcase name="PUTAPITAKEORDER" time="0.012" classname="com.qa.test.Takeorder">
    <failure type="org.json.JSONException" message="JSONObject[&amp;quot;status&amp;quot;] not found.">
      <![CDATA[org.json.JSONException: JSONObject["status"] not found.
at org.json.JSONObject.get(JSONObject.java:566)
at com.qa.util.TestUtil.getValueByJPath(TestUtil.java:13)
at com.qa.test.Takeorder.PUTAPITAKEORDER(Takeorder.java:87)
... Removed 25 stack frames]]>
    </failure>
  </testcase> <!-- PUTAPITAKEORDER -->
</testsuite> <!-- TakeorderTest -->
